<?xml version="1.0" encoding="UTF-8"?>
<!-- Generated by org.testng.reporters.JUnitReportReporter -->
<testsuite hostname="LAPTOP-OOJD2GM0" failures="0" tests="1" name="com.interview.WebDriver" time="23.982" errors="0" timestamp="01 Jan 2024 15:08:07 GMT" skipped="0">
  <testcase classname="com.interview.WebDriver" name="get" time="23.982"/>
</testsuite> <!-- com.interview.WebDriver -->
