<?xml version="1.0" encoding="UTF-8"?>
<!-- Generated by org.testng.reporters.JUnitReportReporter -->
<testsuite hostname="LAPTOP-OOJD2GM0" failures="0" tests="1" name="com.interview.AutomationTesting" time="8.138" errors="0" timestamp="12 Jul 2023 08:18:28 GMT" skipped="0">
  <testcase classname="com.interview.AutomationTesting" name="test" time="8.138"/>
</testsuite> <!-- com.interview.AutomationTesting -->
