<?xml version="1.0" encoding="UTF-8"?>
<!-- Generated by org.testng.reporters.JUnitReportReporter -->
<testsuite hostname="LAPTOP-OOJD2GM0" failures="0" tests="1" name="com.interview.AutomationTesting" time="0.020" errors="0" timestamp="26 Nov 2023 19:01:29 GMT" skipped="0">
  <testcase classname="com.interview.AutomationTesting" name="testing" time="0.020"/>
</testsuite> <!-- com.interview.AutomationTesting -->
